     1                                 %line 1+1 print.asm
     2                                 
     3                                 
     4                                 
     5                                 [section .text]
     6                                 [global bismi_allah_print]
     7                                 bismi_allah_print:
     8 00000000 48C7C200000000          mov rdx, 0
     9                                 print_loop_start:
    10 00000007 8A0417                  mov al, byte [rdi + rdx]
    11 0000000A 3C00                    cmp al, 0
    12 0000000C 7403                    je print_loop_end
    13 0000000E 48FFC2                  inc rdx
    14 00000011 EBF2                    jmp print_loop_start
    15                                 print_loop_end:
    16 00000013 4889FE                  mov rsi, rdi
    17 00000016 48C7C701000000          mov rdi, 1
    18 0000001D 48C7C001000000          mov rax, 1
    19 00000024 0F05                    syscall
    20 00000026 C3                      ret
    21                                 
