     1                                 %line 1+1 control.asm
     2                                 
     3                                 
     4                                 [section .data]
     5 00000000 58                      bismi_allah_var db 88
     6                                 
     7                                 
     8                                 [section .text]
     9                                 [global _start]
    10                                 _start:
    11                                 
    12                                 
    13 00000000 480FB60425[00000000]      movzx rax, byte [bismi_allah_var]
    14                                 
    15 00000009 4883F832                cmp rax, 50
    16 0000000D 7E00                    jle stop1
    17 0000000F EB08                    jmp stop2
    18                                 
    19                                 stop1:
    20 00000011 C60425[00000000]01      mov byte [bismi_allah_var], 1
    21 00000019 EB08                    jmp end1
    22                                 
    23                                 stop2:
    24 0000001B C60425[00000000]02      mov byte [bismi_allah_var], 2
    25 00000023 EBFE                    jmp end1
    26                                 end1:
    27                                 
    28                                 
    29 00000025 C60425[00000000]01      mov byte [bismi_allah_var], 1
    30                                 bismi_allah_label:
    31                                 
    32 0000002D EB0E                    jmp while_loop_test
    33                                 while_loop_start:
    34 0000002F 8A0425[00000000]        mov al, byte [bismi_allah_var]
    35 00000036 FEC0                    inc al
    36 00000038 880425[00000000]        mov byte [bismi_allah_var], al
    37                                 while_loop_test:
    38 0000003F 8A0425[00000000]        mov al, byte [bismi_allah_var]
    39 00000046 3C0A                    cmp al, 10
    40 00000048 76E3                    jbe while_loop_start
    41                                 
    42                                 end2:
    43                                 
    44 0000004A 48C7C03C000000          mov rax, 60
    45 00000051 48C7C700000000          mov rdi, 0
    46 00000058 0F05                    syscall
    47                                 
