     1                                 %line 1+1 input.asm
     2                                 
     3                                 
     4                                 [section .data]
     5                                 
     6                                 [section .bss]
     7 00000000 <gap>                  bismi_allah_buffer resb 512
     8                                 
     9                                 [section .text]
    10                                 [global _start]
    11                                 _start:
    12 00000000 48C7C000000000          mov rax, 0
    13 00000007 48C7C700000000          mov rdi, 0
    14 0000000E 48C7C6[00000000]        mov rsi, bismi_allah_buffer
    15 00000015 48C7C2FF010000          mov rdx, 511
    16 0000001C 0F05                    syscall
    17                                 
    18 0000001E 48C7C001000000          mov rax, 1
    19 00000025 48C7C701000000          mov rdi, 1
    20 0000002C 48C7C6[00000000]        mov rsi, bismi_allah_buffer
    21 00000033 48C7C2FF010000          mov rdx, 511
    22 0000003A 0F05                    syscall
    23                                 
    24 0000003C 48C7C03C000000          mov rax, 60
    25 00000043 48C7C700000000          mov rdi, 0
    26 0000004A 0F05                    syscall
    27                                 
