     1                                 %line 1+1 macro.asm
     2                                 
     3                                 
     4                                 %line 4+1 macro.asm
     5                                 
     6                                 %line 12+1 macro.asm
     7                                 
     8                                 [section .data]
     9 00000000 6269736D6920416C6C-    bismi_allah_str db "bismi Allah", 0
    10 00000000 616800             
    11                                 
    12                                 [section .text]
    13                                 [global _start]
    14                                 _start:
    15                                 
    16                                 
    17                                 
    18                                 
    19 00000000 48C7C001000000          mov rax, 1
    20                                 %line 23+0 macro.asm
    21 00000007 48C7C701000000          mov rdi, 1
    22 0000000E 48C7C6[00000000]        mov rsi, bismi_allah_str
    23 00000015 48C7C20C000000          mov rdx, 12
    24 0000001C 0F05                    syscall
    25                                 %line 24+1 macro.asm
    26                                 end:
    27                                 
    28 0000001E 48C7C03C000000          mov rax, 60
    29 00000025 BF00000000              mov edi, 0
    30 0000002A 0F05                    syscall
    31                                 
    32                                 
