     1                                 %line 1+1 process_stack.asm
     2                                 
     3                                 
     4                                 [section .data]
     5                                 
     6 00000000 7B000000000000007C-    arr_qw dq 123, 124, 125, 126, 127
     7 00000000 000000000000007D00-
     8 00000000 0000000000007E0000-
     9 00000000 00000000007F000000-
    10 00000000 00000000           
    11                                 
    12                                 [section .text]
    13                                 [global _start]
    14                                 _start:
    15                                 
    16 00000000 48C7C300000000          mov rbx, 0
    17                                 loop1:
    18 00000007 FF34DD[00000000]        push qword [arr_qw + (rbx * 8)]
    19 0000000E 48FFC3                  inc rbx
    20 00000011 4883FB05                cmp rbx, 5
    21 00000015 72EE                    jb loop1
    22                                 
    23 00000017 48C7C300000000          mov rbx, 0
    24                                 loop2:
    25 0000001E 58                      pop rax
    26 0000001F 488904DD[00000000]      mov qword [arr_qw + rbx * 8], rax
    27 00000027 48FFC3                  inc rbx
    28 0000002A 4883FB08                cmp rbx, 8
    29                                  loop2_end:
    30 0000002E 72EC                    jb loop2
    31                                 
    32                                 end:
    33 00000030 48C7C03C000000          mov rax, 60
    34 00000037 48C7C700000000          mov rdi, 0
    35 0000003E 0F05                    syscall
    36                                 
    37                                 
