     1                                 %line 1+1 program_int_to_str.asm
     2                                 
     3                                 
     4                                 [section .data]
     5                                 
     6 00000000 29460F00               bismi_allah_num dd 1001001
     7                                 
     8 00000004 000000000000000000-    bismi_allah_arr db 0, 0, 0, 0, 0, 0, 0, 0, 0, 0
     9 00000004 00                 
    10                                 
    11                                 
    12                                 
    13                                 
    14                                 [section .text]
    15                                 [global _start]
    16                                 _start:
    17                                 
    18                                 
    19                                 
    20                                 
    21                                 
    22                                 
    23                                 
    24                                 
    25                                 
    26                                 
    27                                 
    28                                 
    29                                 
    30                                 
    31                                 
    32                                 
    33                                 
    34                                 
    35                                 
    36                                 
    37                                 
    38                                 
    39                                 
    40                                 
    41                                 
    42                                 
    43                                 
    44                                 
    45                                 
    46                                 
    47                                 
    48                                 
    49                                 
    50                                 
    51                                 
    52 00000000 48C7C000000000          mov rax, 0
    53 00000007 50                      push rax
    54 00000008 8B0425[00000000]        mov eax, dword [bismi_allah_num]
    55                                 loop_push_start:
    56 0000000F BA00000000              mov edx, 0
    57 00000014 BB0A000000              mov ebx, 10
    58 00000019 F7FB                    idiv ebx
    59 0000001B 4883C230                add rdx, "0"
    60 0000001F 52                      push rdx
    61 00000020 FFC1                    inc ecx
    62 00000022 83F80A                  cmp eax, 10
    63 00000025 77E6                    ja loop_push_start
    64 00000027 4883C030                add rax, "0"
    65 0000002B 50                      push rax
    66                                 loop_push_end:
    67                                 
    68                                 
    69                                 
    70                                 
    71                                 
    72                                 
    73                                 
    74                                 
    75                                 
    76                                 
    77                                 
    78                                 
    79                                 
    80                                 
    81                                 
    82                                 
    83                                 
    84                                 
    85                                 
    86                                 
    87 0000002C 48C7C3[00000000]        mov rbx, bismi_allah_arr
    88 00000033 48C7C700000000          mov rdi, 0
    89                                 loop_pop_start:
    90 0000003A 58                      pop rax
    91 0000003B 88043B                  mov byte [rbx + rdi], al
    92 0000003E 48FFC7                  inc rdi
    93 00000041 4883F800                cmp rax, 0
    94 00000045 75F1                    jne loop_pop_start
    95                                 loop_pop_end:
    96                                 
    97                                 write:
    98 00000047 48C7C001000000          mov rax, 1
    99 0000004E 48C7C701000000          mov rdi, 1
   100 00000055 48C7C6[00000000]        mov rsi, bismi_allah_arr
   101 0000005C 48C7C209000000          mov rdx, 9
   102 00000063 0F05                    syscall
   103                                 
   104                                 end:
   105                                 
   106 00000065 48C7C03C000000          mov rax, 60
   107 0000006C 48C7C700000000          mov rdi, 0
   108 00000073 0F05                    syscall
   109                                 
