     1                                 %line 1+1 stack.asm
     2                                 
     3                                 
     4                                 [section .data]
     5                                 
     6                                 [section .text]
     7                                 [global _start]
     8                                 _start:
     9 00000000 55                      push rbp
    10 00000001 4889E5                  mov rbp, rsp
    11                                 
    12 00000004 4881EC94010000          sub rsp, 404
    13                                 
    14 0000000B B80A000000              mov eax, 10
    15 00000010 48C7C100000000          mov rcx, 0
    16 00000017 488D9D70FEFFFF          lea rbx, word [rbp-400]
    17                                 loop_start:
    18 0000001E 89048B                  mov dword [rbx + rcx*4], eax
    19 00000021 FFC0                    inc eax
    20 00000023 48FFC1                  inc rcx
    21 00000026 4883F964                cmp rcx, 100
    22 0000002A 7CF0                    jl loop_start
    23                                 end:
    24                                 
    25                                 
    26 0000002C 5D                      pop rbp
    27 0000002D 48C7C03C000000          mov rax, 60
    28 00000034 48C7C700000000          mov rdi, 0
    29 0000003B 0F05                    syscall
    30                                 
