     1                                 %line 1+1 sum_squares.asm
     2                                 
     3                                 
     4                                 [section .data]
     5                                 
     6 00000000 0000                   result dw 0
     7 00000002 00000000               i dd 0
     8 00000006 64000000               n dd 100
     9                                 
    10                                 [section .text]
    11                                 [global _start]
    12                                 _start:
    13                                 
    14 00000000 BA00000000              mov edx, 0
    15 00000005 B901000000              mov ecx, 1
    16 0000000A BB14000000              mov ebx, 20
    17                                 
    18                                  loop_start:
    19                                 
    20 0000000F 89C8                    mov eax, ecx
    21 00000011 0FAFC0                  imul eax, eax
    22                                 debug_before_add:
    23 00000014 01C2                    add edx, eax
    24                                 debug_after_add:
    25 00000016 FFC1                    inc ecx
    26 00000018 39D9                    cmp ecx, ebx
    27 0000001A 76F1                    jbe loop_start
    28                                 
    29                                 
    30 0000001C 891C25[00000000]        mov dword [n], ebx
    31 00000023 890C25[00000000]        mov dword [i], ecx
    32 0000002A 891425[00000000]        mov dword [result], edx
    33                                  end:
    34                                 
    35 00000031 48C7C03C000000          mov rax, 60
    36 00000038 48C7C700000000          mov rdi, 0
    37 0000003F 0F05                    syscall
    38                                 
    39                                 
