     1                                 %line 1+1 system_services.asm
     2                                 
     3                                 
     4                                 [section .data]
     5                                 
     6 00000000 696E20746865206E61-    bismi_allah db "in the name of Allah", 10, 0, "la ilaha illa Allah", 10, 0
     7 00000000 6D65206F6620416C6C-
     8 00000000 61680A006C6120696C-
     9 00000000 61686120696C6C6120-
    10 00000000 416C6C61680A00     
    11                                 
    12                                 
    13                                 [section .bss]
    14 00000000 <gap>                  chr resb 1
    15 00000001 <gap>                  bismi_allah_str resb 52
    16                                 
    17                                 [section .text]
    18                                 [global _start]
    19                                 _start:
    20                                 
    21 00000000 48C7C001000000          mov rax, 1
    22 00000007 48C7C701000000          mov rdi, 1
    23 0000000E 48C7C6[00000000]        mov rsi, bismi_allah
    24 00000015 48C7C216000000          mov rdx, 22
    25 0000001C 0F05                    syscall
    26                                 
    27 0000001E 48C7C7[00000000]        mov rdi, bismi_allah
    28 00000025 E845000000              call bismi_allah_print
    29                                 
    30 0000002A 48C7C7[00000000]        mov rdi, bismi_allah
    31 00000031 4883C716                add rdi, 22
    32 00000035 E835000000              call bismi_allah_print
    33                                 
    34 0000003A 48C7C000000000          mov rax, 0
    35 00000041 48C7C700000000          mov rdi, 0
    36 00000048 48C7C6[00000000]        mov rsi, bismi_allah_str
    37 0000004F 48C7C234000000          mov rdx, 52
    38 00000056 0F05                    syscall
    39                                 
    40 00000058 48C7C7[00000000]        mov rdi, bismi_allah_str
    41 0000005F E80B000000              call bismi_allah_print
    42                                 
    43                                 end:
    44                                 
    45 00000064 48C7C03C000000          mov rax, 60
    46 0000006B 48C7C700000000          mov rdi, 0
    47 00000072 0F05                    syscall
    48                                 
    49                                 
    50                                 bismi_allah_print:
    51 00000074 48C7C200000000          mov rdx, 0
    52                                 
    53                                 print_loop_start:
    54 0000007B 8A0417                  mov al, byte [rdi + rdx]
    55 0000007E 3C00                    cmp al, 0
    56 00000080 7403                    je print_loop_end
    57 00000082 48FFC2                  inc rdx
    58 00000085 EBF2                    jmp print_loop_start
    59                                 print_loop_end:
    60                                 
    61 00000087 4889FE                  mov rsi, rdi
    62 0000008A 48C7C701000000          mov rdi, 1
    63                                 
    64 00000091 48C7C001000000          mov rax, 1
    65 00000098 0F05                    syscall
    66 0000009A C3                      ret
    67                                 
    68                                 
    69                                 bismi_allah_read:
    70                                 
    71 0000009B C3                      ret
    72                                 
    73                                 
